2025-09-30 10:37:12 | INFO     | ============================================================
2025-09-30 10:37:12 | INFO     | INÍCIO DO LOG - GLPI Data Input System
2025-09-30 10:37:12 | INFO     | ============================================================
2025-09-30 10:37:12 | INFO     | 🚀 INICIANDO: Teste de validações de usuário
2025-09-30 10:37:12 | INFO     | --- EXECUTANDO TESTES DE VALIDAÇÃO ---
2025-09-30 10:37:12 | INFO     | 
🧪 Teste 1 - Email válido com CPF
2025-09-30 10:37:12 | INFO     |    Nome: João Silva
2025-09-30 10:37:12 | INFO     |    Email: @joao.silva@empresa.com
2025-09-30 10:37:12 | INFO     |    CPF: 12345678901
2025-09-30 10:37:12 | INFO     |    Resultado esperado: SUCCESS
2025-09-30 10:37:15 | INFO     | ✅ ✅ TESTE 1 PASSOU - Usuário criado (ID: 15)
2025-09-30 10:37:15 | INFO     | --------------------------------------------------
2025-09-30 10:37:15 | INFO     | 
🧪 Teste 2 - Email válido sem CPF
2025-09-30 10:37:15 | INFO     |    Nome: Maria Santos
2025-09-30 10:37:15 | INFO     |    Email: @maria.santos@empresa.com
2025-09-30 10:37:15 | INFO     |    CPF: None
2025-09-30 10:37:15 | INFO     |    Resultado esperado: SUCCESS
2025-09-30 10:37:17 | INFO     | ✅ ✅ TESTE 2 PASSOU - Usuário criado (ID: 16)
2025-09-30 10:37:17 | INFO     | --------------------------------------------------
2025-09-30 10:37:17 | INFO     | 
🧪 Teste 3 - Sem email (deve falhar)
2025-09-30 10:37:17 | INFO     |    Nome: Pedro Oliveira
2025-09-30 10:37:17 | INFO     |    Email: None
2025-09-30 10:37:17 | INFO     |    CPF: 98765432100
2025-09-30 10:37:17 | INFO     |    Resultado esperado: FAIL
2025-09-30 10:37:17 | INFO     | ✅ ✅ TESTE 3 PASSOU - Validação funcionou corretamente
2025-09-30 10:37:17 | INFO     | --------------------------------------------------
2025-09-30 10:37:17 | INFO     | 
🧪 Teste 4 - Email vazio (deve falhar)
2025-09-30 10:37:17 | INFO     |    Nome: Ana Costa
2025-09-30 10:37:17 | INFO     |    Email: 
2025-09-30 10:37:17 | INFO     |    CPF: 11111111111
2025-09-30 10:37:17 | INFO     |    Resultado esperado: FAIL
2025-09-30 10:37:17 | INFO     | ✅ ✅ TESTE 4 PASSOU - Validação funcionou corretamente
2025-09-30 10:37:17 | INFO     | --------------------------------------------------
2025-09-30 10:37:17 | INFO     | 
🧪 Teste 5 - Email sem @ (deve falhar)
2025-09-30 10:37:17 | INFO     |    Nome: Carlos Pereira
2025-09-30 10:37:17 | INFO     |    Email: carlos.pereira.empresa.com
2025-09-30 10:37:17 | INFO     |    CPF: 22222222222
2025-09-30 10:37:17 | INFO     |    Resultado esperado: FAIL
2025-09-30 10:37:17 | INFO     | ✅ ✅ TESTE 5 PASSOU - Validação funcionou corretamente
2025-09-30 10:37:17 | INFO     | --------------------------------------------------
2025-09-30 10:37:17 | INFO     | 
🧪 Teste 6 - Email só com @ inicial (deve falhar)
2025-09-30 10:37:17 | INFO     |    Nome: Lucia Fernandes
2025-09-30 10:37:17 | INFO     |    Email: @semdominio
2025-09-30 10:37:17 | INFO     |    CPF: None
2025-09-30 10:37:17 | INFO     |    Resultado esperado: FAIL
2025-09-30 10:37:17 | INFO     | ✅ ✅ TESTE 6 PASSOU - Validação funcionou corretamente
2025-09-30 10:37:17 | INFO     | --------------------------------------------------
2025-09-30 10:37:17 | INFO     | 🏁 CONCLUÍDO: Teste de validações de usuário
2025-09-30 10:37:17 | INFO     | --- FIM DO LOG ---
2025-09-30 10:37:17 | INFO     | Log salvo em: logs\glpi_input_20250930_103712.log
