2025-09-30 10:33:16 | INFO     | ============================================================
2025-09-30 10:33:16 | INFO     | INÍCIO DO LOG - GLPI Data Input System
2025-09-30 10:33:16 | INFO     | ============================================================
2025-09-30 10:33:16 | INFO     | Iniciando exemplo de uso do logger
2025-09-30 10:33:16 | INFO     | 🚀 INICIANDO: Processo de exemplo
2025-09-30 10:33:16 | INFO     | ✅ Operação realizada com sucesso
2025-09-30 10:33:16 | WARNING  | ⚠️ Este é um aviso
2025-09-30 10:33:16 | ERROR    | ❌ Este é um erro de exemplo
2025-09-30 10:33:16 | DEBUG    | 🔍 Mensagem de debug
2025-09-30 10:33:16 | INFO     | --- SEÇÃO DE TESTES ---
2025-09-30 10:33:16 | INFO     | 📄 Processando linha 1...
2025-09-30 10:33:16 | INFO     | ✅ User criado (ID: 123) - João Silva
2025-09-30 10:33:16 | INFO     | ✅ Status Input User: OK
2025-09-30 10:33:16 | INFO     | 📄 Processando linha 2...
2025-09-30 10:33:16 | ERROR    | ❌ Falha ao criar Phone - Modelo não encontrado
2025-09-30 10:33:16 | INFO     | ❌ Status Input Mobile: ERRO
2025-09-30 10:33:16 | INFO     | 📄 Processando linha 3...
2025-09-30 10:33:16 | INFO     | ✅ Computer criado (ID: 456) - Notebook Dell
2025-09-30 10:33:16 | INFO     | ✅ Status Input Notebook: OK
2025-09-30 10:33:16 | INFO     | --- ESTATÍSTICAS FINAIS ---
2025-09-30 10:33:16 | INFO     | 📊 Total processado: 3
2025-09-30 10:33:16 | INFO     | ✅ Sucessos: 2
2025-09-30 10:33:16 | INFO     | ❌ Erros: 1
2025-09-30 10:33:16 | INFO     | 📈 Taxa de sucesso: 66.7%
2025-09-30 10:33:16 | INFO     | 🏁 CONCLUÍDO: Processo de exemplo
2025-09-30 10:33:16 | INFO     | Criando usuário...
2025-09-30 10:33:16 | INFO     | ✅ User criado (ID: 789) - Maria Silva
2025-09-30 10:33:16 | INFO     | Criando asset...
2025-09-30 10:33:16 | INFO     | ✅ Computer criado (ID: 999) - Notebook HP
2025-09-30 10:33:16 | INFO     | ✅ Status Input Notebook: OK
2025-09-30 10:33:16 | INFO     | --- FIM DO LOG ---
2025-09-30 10:33:16 | INFO     | Log salvo em: logs\glpi_input_20250930_103316.log
